<?xml version="1.0" encoding="UTF-8"?>
<testng-results ignored="0" total="6" passed="6" failed="0" skipped="0">
  <reporter-output>
  </reporter-output>
  <suite started-at="2023-08-21T11:52:02 EDT" name="Suite" finished-at="2023-08-21T11:52:25 EDT" duration-ms="23208">
    <groups>
    </groups>
    <test started-at="2023-08-21T11:52:02 EDT" name="Test" finished-at="2023-08-21T11:52:25 EDT" duration-ms="23208">
      <class name="tests.TestNGIntegrationTest1">
        <test-method is-config="true" signature="initialization()[pri:0, instance:tests.TestNGIntegrationTest1@4efac082]" started-at="2023-08-21T11:51:57 EDT" name="initialization" finished-at="2023-08-21T11:52:02 EDT" duration-ms="5067" status="PASS">
          <reporter-output>
          </reporter-output>
        </test-method> <!-- initialization -->
        <test-method signature="tc1()[pri:0, instance:tests.TestNGIntegrationTest1@4efac082]" started-at="2023-08-21T11:52:02 EDT" name="tc1" finished-at="2023-08-21T11:52:02 EDT" duration-ms="20" status="PASS">
          <reporter-output>
          </reporter-output>
        </test-method> <!-- tc1 -->
        <test-method signature="tc2()[pri:0, instance:tests.TestNGIntegrationTest1@4efac082]" started-at="2023-08-21T11:52:02 EDT" name="tc2" finished-at="2023-08-21T11:52:02 EDT" duration-ms="734" status="PASS">
          <reporter-output>
          </reporter-output>
        </test-method> <!-- tc2 -->
        <test-method signature="tc3()[pri:0, instance:tests.TestNGIntegrationTest1@4efac082]" started-at="2023-08-21T11:52:02 EDT" name="tc3" finished-at="2023-08-21T11:52:07 EDT" duration-ms="4704" status="PASS">
          <reporter-output>
          </reporter-output>
        </test-method> <!-- tc3 -->
        <test-method signature="tc4()[pri:0, instance:tests.TestNGIntegrationTest1@4efac082]" started-at="2023-08-21T11:52:07 EDT" name="tc4" finished-at="2023-08-21T11:52:13 EDT" duration-ms="5431" status="PASS">
          <reporter-output>
          </reporter-output>
        </test-method> <!-- tc4 -->
        <test-method signature="tc5()[pri:0, instance:tests.TestNGIntegrationTest1@4efac082]" started-at="2023-08-21T11:52:13 EDT" name="tc5" finished-at="2023-08-21T11:52:14 EDT" duration-ms="967" status="PASS">
          <reporter-output>
          </reporter-output>
        </test-method> <!-- tc5 -->
        <test-method signature="tc6()[pri:0, instance:tests.TestNGIntegrationTest1@4efac082]" started-at="2023-08-21T11:52:14 EDT" name="tc6" finished-at="2023-08-21T11:52:25 EDT" duration-ms="11320" status="PASS">
          <reporter-output>
          </reporter-output>
        </test-method> <!-- tc6 -->
        <test-method is-config="true" signature="cleanup()[pri:0, instance:tests.TestNGIntegrationTest1@4efac082]" started-at="2023-08-21T11:52:25 EDT" name="cleanup" finished-at="2023-08-21T11:52:25 EDT" duration-ms="0" status="PASS">
          <reporter-output>
          </reporter-output>
        </test-method> <!-- cleanup -->
      </class> <!-- tests.TestNGIntegrationTest1 -->
    </test> <!-- Test -->
  </suite> <!-- Suite -->
</testng-results>
