<?xml version="1.0" encoding="UTF-8"?>
<!-- Generated by org.testng.reporters.JUnitXMLReporter -->
<testsuite ignored="0" hostname="DESKTOP-PEB6PAH" failures="0" tests="6" name="Test" time="23.208" errors="0" timestamp="2023-08-21T11:52:25 EDT">
  <testcase classname="tests.TestNGIntegrationTest1" name="tc1" time="0.02"/>
  <testcase classname="tests.TestNGIntegrationTest1" name="tc2" time="0.734"/>
  <testcase classname="tests.TestNGIntegrationTest1" name="tc3" time="4.704"/>
  <testcase classname="tests.TestNGIntegrationTest1" name="tc4" time="5.431"/>
  <testcase classname="tests.TestNGIntegrationTest1" name="tc5" time="0.967"/>
  <testcase classname="tests.TestNGIntegrationTest1" name="tc6" time="11.32"/>
</testsuite> <!-- Test -->
